Arguments: 
  /usr/bin/node /usr/bin/yarn add Puppeteer

PATH: 
  /home/ismael_oliv/.zinit/polaris/bin:/home/ismael_oliv/.local/bin:/usr/local/sbin:/usr/local/bin:/usr/sbin:/usr/bin:/sbin:/bin:/usr/games:/usr/local/games:/snap/bin:/home/ismael_oliv/Android/Sdk/emulator:/home/ismael_oliv/Android/Sdk/tools:/home/ismael_oliv/Android/Sdk/tools/bin:/home/ismael_oliv/Android/Sdk/platform-tools:/home/ismael_oliv/Android/Sdk/emulator:/home/ismael_oliv/Android/Sdk/tools:/home/ismael_oliv/Android/Sdk/tools/bin:/home/ismael_oliv/Android/Sdk/platform-tools

Yarn version: 
  1.22.11

Node version: 
  14.17.5

Platform: 
  linux x64

Trace: 
  Error: https://registry.yarnpkg.com/Puppeteer: Not found
      at Request.params.callback [as _callback] (/usr/lib/node_modules/yarn/lib/cli.js:66992:18)
      at Request.self.callback (/usr/lib/node_modules/yarn/lib/cli.js:140763:22)
      at Request.emit (events.js:400:28)
      at Request.<anonymous> (/usr/lib/node_modules/yarn/lib/cli.js:141735:10)
      at Request.emit (events.js:400:28)
      at IncomingMessage.<anonymous> (/usr/lib/node_modules/yarn/lib/cli.js:141657:12)
      at Object.onceWrapper (events.js:519:28)
      at IncomingMessage.emit (events.js:412:35)
      at endReadableNT (internal/streams/readable.js:1317:12)
      at processTicksAndRejections (internal/process/task_queues.js:82:21)

npm manifest: 
  No manifest

yarn manifest: 
  No manifest

Lockfile: 
  No lockfile
